<?xml version="1.0" encoding="utf-8"?><testsuites><testsuite name="pytest" errors="0" failures="0" skipped="0" tests="3" time="0.463" timestamp="2024-02-11T18:11:15.471304" hostname="Matin"><testcase classname="examples_rclpy_pointcloud_publisher.topics.pointcloud_publisher.test.test_copyright" name="test_copyright" time="0.201" /><testcase classname="examples_rclpy_pointcloud_publisher.topics.pointcloud_publisher.test.test_flake8" name="test_flake8" time="0.114" /><testcase classname="examples_rclpy_pointcloud_publisher.topics.pointcloud_publisher.test.test_pep257" name="test_pep257" time="0.028" /></testsuite></testsuites>